[debug] [2021-05-26T20:04:50.788Z] ----------------------------------------------------------------------
[debug] [2021-05-26T20:04:50.791Z] Command:       C:\Program Files\nodejs\node.exe C:\Users\yahya\AppData\Roaming\npm\node_modules\firebase-tools\lib\bin\firebase.js init
[debug] [2021-05-26T20:04:50.791Z] CLI Version:   9.11.0
[debug] [2021-05-26T20:04:50.792Z] Platform:      win32
[debug] [2021-05-26T20:04:50.792Z] Node Version:  v14.16.1
[debug] [2021-05-26T20:04:50.797Z] Time:          Wed May 26 2021 21:04:50 GMT+0100 (GMT+01:00)
[debug] [2021-05-26T20:04:50.797Z] ----------------------------------------------------------------------
[debug] 
[debug] [2021-05-26T20:04:50.803Z] > command requires scopes: ["email","openid","https://www.googleapis.com/auth/cloudplatformprojects.readonly","https://www.googleapis.com/auth/firebase","https://www.googleapis.com/auth/cloud-platform"]
[debug] [2021-05-26T20:04:50.803Z] > authorizing via signed-in user (yahya.tahoune@gmail.com)
[info] 
     ######## #### ########  ######## ########     ###     ######  ########
     ##        ##  ##     ## ##       ##     ##  ##   ##  ##       ##
     ######    ##  ########  ######   ########  #########  ######  ######
     ##        ##  ##    ##  ##       ##     ## ##     ##       ## ##
     ##       #### ##     ## ######## ########  ##     ##  ######  ########

You're about to initialize a Firebase project in this directory:

  D:\My Web Dev Projects\show-streaming-react\show-streaming-react

[info] 
=== Project Setup
[info] 
[info] First, let's associate this project directory with a Firebase project.
[info] You can create multiple project aliases by running firebase use --add, 
[info] but for now we'll just set up a default project.
[info] 
[debug] [2021-05-26T20:05:24.380Z] >>> [apiv2][query] GET https://firebase.googleapis.com/v1beta1/projects pageSize=100
[debug] [2021-05-26T20:05:24.929Z] <<< [apiv2][status] GET https://firebase.googleapis.com/v1beta1/projects 200
[debug] [2021-05-26T20:05:24.929Z] <<< [apiv2][body] GET https://firebase.googleapis.com/v1beta1/projects [omitted]
[info] i  Using project show-streaming-react (Show-streaming-react) 
[info] 
=== Hosting Setup
[info] 
[info] Your public directory is the folder (relative to your project directory) that
[info] will contain Hosting assets to be uploaded with firebase deploy. If you
[info] have a build process for your assets, use your build's output directory.
[info] 
[debug] [2021-05-26T20:05:57.673Z] >>> [apiv2][query] GET https://www.gstatic.com/firebasejs/releases.json [none]
[debug] [2021-05-26T20:05:57.909Z] <<< [apiv2][status] GET https://www.gstatic.com/firebasejs/releases.json 200
[debug] [2021-05-26T20:05:57.910Z] <<< [apiv2][body] GET https://www.gstatic.com/firebasejs/releases.json {"current":{"version":"8.6.2","browserURL":"https://www.gstatic.com/firebasejs/8.6.2/firebase.js","packageURL":"https://www.gstatic.com/firebasejs/8.6.2/firebase.tgz"},"live":{"version":"8.6","browserURL":"https://www.gstatic.com/firebasejs/live/8.6/firebase.js","packageURL":"https://www.gstatic.com/firebasejs/live/8.6/firebase.tgz"},"components":{"analytics":"https://www.gstatic.com/firebasejs/8.6.2/firebase-analytics.js","app":"https://www.gstatic.com/firebasejs/8.6.2/firebase-app.js","app-check":"https://www.gstatic.com/firebasejs/8.6.2/firebase-app-check.js","auth":"https://www.gstatic.com/firebasejs/8.6.2/firebase-auth.js","database":"https://www.gstatic.com/firebasejs/8.6.2/firebase-database.js","firestore":"https://www.gstatic.com/firebasejs/8.6.2/firebase-firestore.js","functions":"https://www.gstatic.com/firebasejs/8.6.2/firebase-functions.js","installations":"https://www.gstatic.com/firebasejs/8.6.2/firebase-installations.js","messaging":"https://www.gstatic.com/firebasejs/8.6.2/firebase-messaging.js","storage":"https://www.gstatic.com/firebasejs/8.6.2/firebase-storage.js","performance":"https://www.gstatic.com/firebasejs/8.6.2/firebase-performance.js","remote-config":"https://www.gstatic.com/firebasejs/8.6.2/firebase-remote-config.js","firestore.memory":"https://www.gstatic.com/firebasejs/8.6.2/firebase-firestore.memory.js"}}
[info] i  Skipping write of build/index.html 
[info] 
[info] i  Detected a .git folder at D:\My Web Dev Projects\show-streaming-react\show-streaming-react 
[info] i  Authorizing with GitHub to upload your service account to a GitHub repository's secrets store. 
[info] 
[info] Visit this URL on this device to log in:
[info] https://github.com/login/oauth/authorize?client_id=89cf50f02ac6aaed3484&state=1052941676&redirect_uri=http%3A%2F%2Flocalhost%3A9005&scope=read%3Auser%20repo%20public_repo
[info] 
[info] Waiting for authentication...
[debug] [2021-05-26T20:06:25.820Z] >>> HTTP REQUEST POST https://github.com/login/oauth/access_token  
 {"client_id":"89cf50f02ac6aaed3484","client_secret":"3330d14abc895d9a74d5f17cd7a00711fa2c5bf0","code":"b107ee3ad506b515b307","redirect_uri":"http://localhost:9005","state":"1052941676"}
[debug] [2021-05-26T20:06:26.205Z] <<< HTTP RESPONSE 200 {"server":"GitHub.com","date":"Wed, 26 May 2021 20:06:26 GMT","content-type":"application/json; charset=utf-8","transfer-encoding":"chunked","vary":"X-PJAX, Accept-Encoding, Accept, X-Requested-With","permissions-policy":"interest-cohort=()","etag":"W/\"27d01691e750039ec0673f8b545e1b86\"","cache-control":"max-age=0, private, must-revalidate","strict-transport-security":"max-age=31536000; includeSubdomains; preload","x-frame-options":"deny","x-content-type-options":"nosniff","x-xss-protection":"0","referrer-policy":"origin-when-cross-origin, strict-origin-when-cross-origin","expect-ct":"max-age=2592000, report-uri=\"https://api.github.com/_private/browser/errors\"","content-security-policy":"default-src 'none'; base-uri 'self'; block-all-mixed-content; connect-src 'self' uploads.github.com www.githubstatus.com collector.githubapp.com api.github.com github-cloud.s3.amazonaws.com github-production-repository-file-5c1aeb.s3.amazonaws.com github-production-upload-manifest-file-7fdce7.s3.amazonaws.com github-production-user-asset-6210df.s3.amazonaws.com html-translator.herokuapp.com cdn.optimizely.com logx.optimizely.com/v1/events wss://alive.github.com; font-src github.githubassets.com; form-action 'self' github.com gist.github.com; frame-ancestors 'none'; frame-src render.githubusercontent.com; img-src 'self' data: github.githubassets.com identicons.github.com collector.githubapp.com github-cloud.s3.amazonaws.com secured-user-images.githubusercontent.com/ *.githubusercontent.com; manifest-src 'self'; media-src 'none'; script-src github.githubassets.com; style-src 'unsafe-inline' github.githubassets.com; worker-src github.com/socket-worker-3f088aa2.js gist.github.com/socket-worker-3f088aa2.js","x-github-request-id":"C46C:11089:9BE7EC0:A15E677:60AEAA41"}
[debug] [2021-05-26T20:06:26.214Z] >>> [apiv2][query] GET https://api.github.com/user [none]
[debug] [2021-05-26T20:06:26.962Z] <<< [apiv2][status] GET https://api.github.com/user 200
[debug] [2021-05-26T20:06:26.962Z] <<< [apiv2][body] GET https://api.github.com/user {"login":"RemoteSoul-hub","id":74861627,"node_id":"MDQ6VXNlcjc0ODYxNjI3","avatar_url":"https://avatars.githubusercontent.com/u/74861627?v=4","gravatar_id":"","url":"https://api.github.com/users/RemoteSoul-hub","html_url":"https://github.com/RemoteSoul-hub","followers_url":"https://api.github.com/users/RemoteSoul-hub/followers","following_url":"https://api.github.com/users/RemoteSoul-hub/following{/other_user}","gists_url":"https://api.github.com/users/RemoteSoul-hub/gists{/gist_id}","starred_url":"https://api.github.com/users/RemoteSoul-hub/starred{/owner}{/repo}","subscriptions_url":"https://api.github.com/users/RemoteSoul-hub/subscriptions","organizations_url":"https://api.github.com/users/RemoteSoul-hub/orgs","repos_url":"https://api.github.com/users/RemoteSoul-hub/repos","events_url":"https://api.github.com/users/RemoteSoul-hub/events{/privacy}","received_events_url":"https://api.github.com/users/RemoteSoul-hub/received_events","type":"User","site_admin":false,"name":"Yahya Tahoune","company":null,"blog":"https://remotesoul-hub.github.io/OfficialWebsite/","location":"127.0.0.1","email":null,"hireable":true,"bio":"Full Time Learner, Front End Developer that uses MySQL and loves pixels and design! Follow me on my Twitter : @YT99Dev","twitter_username":"YT99Dev","public_repos":56,"public_gists":0,"followers":10,"following":13,"created_at":"2020-11-22T12:27:01Z","updated_at":"2021-05-26T20:06:25Z","private_gists":0,"total_private_repos":5,"owned_private_repos":5,"disk_usage":34945,"collaborators":0,"two_factor_authentication":false,"plan":{"name":"free","space":976562499,"collaborators":0,"private_repos":10000}}
[info] 
[info] +  Success! Logged into GitHub as RemoteSoul-hub 
[info] 
